<?xml version="1.0" encoding="UTF-8"?>
<testsuite xmlns:xsi="http://www.w3.org/2001/XMLSchema-instance" xsi:noNamespaceSchemaLocation="https://maven.apache.org/surefire/maven-surefire-plugin/xsd/surefire-test-report.xsd" name="com.bharat.AppTest" time="0.053" tests="1" errors="0" skipped="0" failures="0">
  <properties>
    <property name="sun.desktop" value="windows"/>
    <property name="awt.toolkit" value="sun.awt.windows.WToolkit"/>
    <property name="java.specification.version" value="11"/>
    <property name="sun.cpu.isalist" value="amd64"/>
    <property name="sun.jnu.encoding" value="Cp1252"/>
    <property name="java.class.path" value="C:\Users\BharatKumarPamarthi\eclipse-workspace\project\target\test-classes;C:\Users\BharatKumarPamarthi\eclipse-workspace\project\target\classes;C:\Users\BharatKumarPamarthi\.m2\repository\junit\junit\4.11\junit-4.11.jar;C:\Users\BharatKumarPamarthi\.m2\repository\org\hamcrest\hamcrest-core\1.3\hamcrest-core-1.3.jar;"/>
    <property name="java.vm.vendor" value="Oracle Corporation"/>
    <property name="sun.arch.data.model" value="64"/>
    <property name="user.variant" value=""/>
    <property name="java.vendor.url" value="https://openjdk.java.net/"/>
    <property name="user.timezone" value="Asia/Calcutta"/>
    <property name="java.vm.specification.version" value="11"/>
    <property name="os.name" value="Windows 10"/>
    <property name="sun.java.launcher" value="SUN_STANDARD"/>
    <property name="user.country" value="IN"/>
    <property name="sun.boot.library.path" value="C:\Program Files\Java\jdk-11.0.15.1\bin"/>
    <property name="sun.java.command" value="C:\Users\BHARAT~1\AppData\Local\Temp\surefire16766279579970321754\surefirebooter6258689656774233854.jar C:\Users\BharatKumarPamarthi\AppData\Local\Temp\surefire16766279579970321754 2023-08-04T12-39-26_125-jvmRun1 surefire2860605314244716484tmp surefire_03818383332229777572tmp"/>
    <property name="jdk.debug" value="release"/>
    <property name="surefire.test.class.path" value="C:\Users\BharatKumarPamarthi\eclipse-workspace\project\target\test-classes;C:\Users\BharatKumarPamarthi\eclipse-workspace\project\target\classes;C:\Users\BharatKumarPamarthi\.m2\repository\junit\junit\4.11\junit-4.11.jar;C:\Users\BharatKumarPamarthi\.m2\repository\org\hamcrest\hamcrest-core\1.3\hamcrest-core-1.3.jar;"/>
    <property name="sun.cpu.endian" value="little"/>
    <property name="user.home" value="C:\Users\BharatKumarPamarthi"/>
    <property name="user.language" value="en"/>
    <property name="java.specification.vendor" value="Oracle Corporation"/>
    <property name="java.version.date" value="2022-04-22"/>
    <property name="java.home" value="C:\Program Files\Java\jdk-11.0.15.1"/>
    <property name="file.separator" value="\"/>
    <property name="basedir" value="C:\Users\BharatKumarPamarthi\eclipse-workspace\project"/>
    <property name="java.vm.compressedOopsMode" value="32-bit"/>
    <property name="line.separator" value="&#10;"/>
    <property name="java.specification.name" value="Java Platform API Specification"/>
    <property name="java.vm.specification.vendor" value="Oracle Corporation"/>
    <property name="java.awt.graphicsenv" value="sun.awt.Win32GraphicsEnvironment"/>
    <property name="surefire.real.class.path" value="C:\Users\BHARAT~1\AppData\Local\Temp\surefire16766279579970321754\surefirebooter6258689656774233854.jar"/>
    <property name="user.script" value=""/>
    <property name="sun.management.compiler" value="HotSpot 64-Bit Tiered Compilers"/>
    <property name="java.runtime.version" value="11.0.15.1+2-LTS-10"/>
    <property name="user.name" value="BharatKumarPamarthi"/>
    <property name="path.separator" value=";"/>
    <property name="os.version" value="10.0"/>
    <property name="java.runtime.name" value="Java(TM) SE Runtime Environment"/>
    <property name="file.encoding" value="Cp1252"/>
    <property name="java.vm.name" value="Java HotSpot(TM) 64-Bit Server VM"/>
    <property name="java.vendor.version" value="18.9"/>
    <property name="localRepository" value="C:\Users\BharatKumarPamarthi\.m2\repository"/>
    <property name="java.vendor.url.bug" value="https://bugreport.java.com/bugreport/"/>
    <property name="java.io.tmpdir" value="C:\Users\BHARAT~1\AppData\Local\Temp\"/>
    <property name="java.version" value="11.0.15.1"/>
    <property name="user.dir" value="C:\Users\BharatKumarPamarthi\eclipse-workspace\project"/>
    <property name="os.arch" value="amd64"/>
    <property name="java.vm.specification.name" value="Java Virtual Machine Specification"/>
    <property name="java.awt.printerjob" value="sun.awt.windows.WPrinterJob"/>
    <property name="sun.os.patch.level" value=""/>
    <property name="java.library.path" value="C:\Program Files\Java\jdk-11.0.15.1\bin;C:\Windows\Sun\Java\bin;C:\Windows\system32;C:\Windows;C:\Users\BharatKumarPamarthi\Documents\Desktop Data\OFFICE_WORK\Softwares\apache-maven-3.8.6/bin;C:\Program Files\Java\jdk-11.0.15.1/bin;C:\Program Files\Java\jdk-11.0.15.1/bin;C:\Python311\Scripts\;C:\Python311\;C:\ocl\dbhomeXE\bin;C:\Users\BharatKumarPamarthi\Desktop\Oracle\bin;C:\Program Files\Common Files\Oracle\Java\javapath;C:\Windows\system32;C:\Windows;C:\Windows\System32\Wbem;C:\Windows\System32\WindowsPowerShell\v1.0\;C:\Windows\System32\OpenSSH\;C:\Program Files\dotnet\;C:\Program Files\Microsoft SQL Server\130\Tools\Binn\;C:\Program Files\Microsoft SQL Server\Client SDK\ODBC\170\Tools\Binn\;C:\Program Files\Java\jdk-11.0.15.1\bin;C:\Users\BharatKumarPamarthi\Desktop\Desktop Data\OFFICE_WORK\Softwares\apache-maven-3.8.6\bin;C:\Program Files (x86)\Microsoft SQL Server\150\Tools\Binn\;C:\Program Files\Microsoft SQL Server\150\Tools\Binn\;C:\Program Files\Microsoft SQL Server\150\DTS\Binn\;C:\Program Files\apache-maven-3.8.6\bin;C:\ProgramData\chocolatey\bin;C:\Program Files\nodejs\;C:\Users\BharatKumarPamarthi\AppData\Local\Programs\Python\Python310\Scripts\;C:\Users\BharatKumarPamarthi\AppData\Local\Programs\Python\Python310\;C:\Users\BharatKumarPamarthi\anaconda3;C:\Users\BharatKumarPamarthi\anaconda3\Library\mingw-w64\bin;C:\Users\BharatKumarPamarthi\anaconda3\Library\usr\bin;C:\Users\BharatKumarPamarthi\anaconda3\Library\bin;C:\Users\BharatKumarPamarthi\anaconda3\Scripts;C:\Users\BharatKumarPamarthi\AppData\Local\Microsoft\WindowsApps;C:\Users\BharatKumarPamarthi\AppData\Local\Programs\Microsoft VS Code\bin;C:\Users\BharatKumarPamarthi\AppData\Local\Programs\Git\cmd;C:\Users\BharatKumarPamarthi\AppData\Roaming\npm;C:\Users\BharatKumarPamarthi\.dotnet\tools;."/>
    <property name="java.vendor" value="Oracle Corporation"/>
    <property name="java.vm.info" value="mixed mode"/>
    <property name="java.vm.version" value="11.0.15.1+2-LTS-10"/>
    <property name="sun.io.unicode.encoding" value="UnicodeLittle"/>
    <property name="java.class.version" value="55.0"/>
  </properties>
  <testcase name="shouldAnswerWithTrue" classname="com.bharat.AppTest" time="0.001"/>
</testsuite>